Flow report for juevesCalculadora
Fri Jun 21 17:38:59 2019
Quartus Prime Version 16.0.0 Build 211 04/27/2016 SJ Lite Edition


---------------------
; Table of Contents ;
---------------------
  1. Legal Notice
  2. Flow Summary
  3. Flow Settings
  4. Flow Non-Default Global Settings
  5. Flow Elapsed Time
  6. Flow OS Summary
  7. Flow Log
  8. Flow Messages
  9. Flow Suppressed Messages



----------------
; Legal Notice ;
----------------
Copyright (C) 1991-2016 Altera Corporation. All rights reserved.
Your use of Altera Corporation's design tools, logic functions 
and other software and tools, and its AMPP partner logic 
functions, and any output files from any of the foregoing 
(including device programming or simulation files), and any 
associated documentation or information are expressly subject 
to the terms and conditions of the Altera Program License 
Subscription Agreement, the Altera Quartus Prime License Agreement,
the Altera MegaCore Function License Agreement, or other 
applicable license agreement, including, without limitation, 
that your use is for the sole purpose of programming logic 
devices manufactured by Altera and sold by Altera or its 
authorized distributors.  Please refer to the applicable 
agreement for further details.



+-------------------------------------------------------------------------------+
; Flow Summary                                                                  ;
+---------------------------------+---------------------------------------------+
; Flow Status                     ; Successful - Fri Jun 21 17:38:59 2019       ;
; Quartus Prime Version           ; 16.0.0 Build 211 04/27/2016 SJ Lite Edition ;
; Revision Name                   ; juevesCalculadora                           ;
; Top-level Entity Name           ; calculadora                                 ;
; Family                          ; Cyclone V                                   ;
; Device                          ; 5CSEMA5F31C6                                ;
; Timing Models                   ; Final                                       ;
; Logic utilization (in ALMs)     ; 100 / 32,070 ( < 1 % )                      ;
; Total registers                 ; 0                                           ;
; Total pins                      ; 48 / 457 ( 11 % )                           ;
; Total virtual pins              ; 0                                           ;
; Total block memory bits         ; 0 / 4,065,280 ( 0 % )                       ;
; Total DSP Blocks                ; 0 / 87 ( 0 % )                              ;
; Total HSSI RX PCSs              ; 0                                           ;
; Total HSSI PMA RX Deserializers ; 0                                           ;
; Total HSSI TX PCSs              ; 0                                           ;
; Total HSSI PMA TX Serializers   ; 0                                           ;
; Total PLLs                      ; 0 / 6 ( 0 % )                               ;
; Total DLLs                      ; 0 / 4 ( 0 % )                               ;
+---------------------------------+---------------------------------------------+


+-----------------------------------------+
; Flow Settings                           ;
+-------------------+---------------------+
; Option            ; Setting             ;
+-------------------+---------------------+
; Start date & time ; 06/21/2019 17:37:18 ;
; Main task         ; Compilation         ;
; Revision Name     ; juevesCalculadora   ;
+-------------------+---------------------+


+-------------------------------------------------------------------------------------------------------------------------+
; Flow Non-Default Global Settings                                                                                        ;
+-------------------------------------+--------------------------------+-------------------+-------------+----------------+
; Assignment Name                     ; Value                          ; Default Value     ; Entity Name ; Section Id     ;
+-------------------------------------+--------------------------------+-------------------+-------------+----------------+
; COMPILER_SIGNATURE_ID               ; 13555273996561.156115663820400 ; --                ; --          ; --             ;
; EDA_OUTPUT_DATA_FORMAT              ; Vhdl                           ; --                ; --          ; eda_simulation ;
; EDA_SIMULATION_TOOL                 ; ModelSim-Altera (VHDL)         ; <None>            ; --          ; --             ;
; EDA_TIME_SCALE                      ; 1 ps                           ; --                ; --          ; eda_simulation ;
; MAX_CORE_JUNCTION_TEMP              ; 85                             ; --                ; --          ; --             ;
; MIN_CORE_JUNCTION_TEMP              ; 0                              ; --                ; --          ; --             ;
; PARTITION_COLOR                     ; 16764057                       ; --                ; calculadora ; Top            ;
; PARTITION_FITTER_PRESERVATION_LEVEL ; PLACEMENT_AND_ROUTING          ; --                ; calculadora ; Top            ;
; PARTITION_NETLIST_TYPE              ; SOURCE                         ; --                ; calculadora ; Top            ;
; PROJECT_OUTPUT_DIRECTORY            ; output_files                   ; --                ; --          ; --             ;
; TOP_LEVEL_ENTITY                    ; calculadora                    ; juevesCalculadora ; --          ; --             ;
+-------------------------------------+--------------------------------+-------------------+-------------+----------------+


+-------------------------------------------------------------------------------------------------------------------------------+
; Flow Elapsed Time                                                                                                             ;
+---------------------------+--------------+-------------------------+---------------------+------------------------------------+
; Module Name               ; Elapsed Time ; Average Processors Used ; Peak Virtual Memory ; Total CPU Time (on all processors) ;
+---------------------------+--------------+-------------------------+---------------------+------------------------------------+
; Analysis & Synthesis      ; 00:00:20     ; 1.0                     ; 5086 MB             ; 00:00:38                           ;
; Fitter                    ; 00:00:46     ; 1.0                     ; 6827 MB             ; 00:01:17                           ;
; Assembler                 ; 00:00:08     ; 1.0                     ; 5054 MB             ; 00:00:09                           ;
; TimeQuest Timing Analyzer ; 00:00:13     ; 1.1                     ; 5382 MB             ; 00:00:10                           ;
; EDA Netlist Writer        ; 00:00:03     ; 1.0                     ; 4969 MB             ; 00:00:02                           ;
; Total                     ; 00:01:30     ; --                      ; --                  ; 00:02:16                           ;
+---------------------------+--------------+-------------------------+---------------------+------------------------------------+


+----------------------------------------------------------------------------------------+
; Flow OS Summary                                                                        ;
+---------------------------+------------------+-----------+------------+----------------+
; Module Name               ; Machine Hostname ; OS Name   ; OS Version ; Processor type ;
+---------------------------+------------------+-----------+------------+----------------+
; Analysis & Synthesis      ; LAPTOP-DLTVOMSA  ; Windows 8 ; 6.2        ; x86_64         ;
; Fitter                    ; LAPTOP-DLTVOMSA  ; Windows 8 ; 6.2        ; x86_64         ;
; Assembler                 ; LAPTOP-DLTVOMSA  ; Windows 8 ; 6.2        ; x86_64         ;
; TimeQuest Timing Analyzer ; LAPTOP-DLTVOMSA  ; Windows 8 ; 6.2        ; x86_64         ;
; EDA Netlist Writer        ; LAPTOP-DLTVOMSA  ; Windows 8 ; 6.2        ; x86_64         ;
+---------------------------+------------------+-----------+------------+----------------+


------------
; Flow Log ;
------------
quartus_map --read_settings_files=on --write_settings_files=off juevesCalculadora -c juevesCalculadora
quartus_fit --read_settings_files=off --write_settings_files=off juevesCalculadora -c juevesCalculadora
quartus_asm --read_settings_files=off --write_settings_files=off juevesCalculadora -c juevesCalculadora
quartus_sta juevesCalculadora -c juevesCalculadora
quartus_eda --read_settings_files=off --write_settings_files=off juevesCalculadora -c juevesCalculadora



