Analysis & Synthesis report for juevesCalculadora
Thu Jun 20 21:34:42 2019
Quartus Prime Version 16.0.0 Build 211 04/27/2016 SJ Lite Edition


---------------------
; Table of Contents ;
---------------------
  1. Legal Notice
  2. Analysis & Synthesis Summary
  3. Analysis & Synthesis Settings
  4. Parallel Compilation
  5. Analysis & Synthesis Source Files Read
  6. Analysis & Synthesis Resource Usage Summary
  7. Analysis & Synthesis Resource Utilization by Entity
  8. General Register Statistics
  9. Multiplexer Restructuring Statistics (Restructuring Performed)
 10. Post-Synthesis Netlist Statistics for Top Partition
 11. Elapsed Time Per Partition
 12. Analysis & Synthesis Messages



----------------
; Legal Notice ;
----------------
Copyright (C) 1991-2016 Altera Corporation. All rights reserved.
Your use of Altera Corporation's design tools, logic functions 
and other software and tools, and its AMPP partner logic 
functions, and any output files from any of the foregoing 
(including device programming or simulation files), and any 
associated documentation or information are expressly subject 
to the terms and conditions of the Altera Program License 
Subscription Agreement, the Altera Quartus Prime License Agreement,
the Altera MegaCore Function License Agreement, or other 
applicable license agreement, including, without limitation, 
that your use is for the sole purpose of programming logic 
devices manufactured by Altera and sold by Altera or its 
authorized distributors.  Please refer to the applicable 
agreement for further details.



+-------------------------------------------------------------------------------+
; Analysis & Synthesis Summary                                                  ;
+---------------------------------+---------------------------------------------+
; Analysis & Synthesis Status     ; Successful - Thu Jun 20 21:34:42 2019       ;
; Quartus Prime Version           ; 16.0.0 Build 211 04/27/2016 SJ Lite Edition ;
; Revision Name                   ; juevesCalculadora                           ;
; Top-level Entity Name           ; calculadora                                 ;
; Family                          ; Cyclone V                                   ;
; Logic utilization (in ALMs)     ; N/A                                         ;
; Total registers                 ; 0                                           ;
; Total pins                      ; 48                                          ;
; Total virtual pins              ; 0                                           ;
; Total block memory bits         ; 0                                           ;
; Total DSP Blocks                ; 0                                           ;
; Total HSSI RX PCSs              ; 0                                           ;
; Total HSSI PMA RX Deserializers ; 0                                           ;
; Total HSSI TX PCSs              ; 0                                           ;
; Total HSSI PMA TX Serializers   ; 0                                           ;
; Total PLLs                      ; 0                                           ;
; Total DLLs                      ; 0                                           ;
+---------------------------------+---------------------------------------------+


+---------------------------------------------------------------------------------------------------------------------------+
; Analysis & Synthesis Settings                                                                                             ;
+---------------------------------------------------------------------------------+--------------------+--------------------+
; Option                                                                          ; Setting            ; Default Value      ;
+---------------------------------------------------------------------------------+--------------------+--------------------+
; Device                                                                          ; 5CSEMA5F31C6       ;                    ;
; Top-level entity name                                                           ; calculadora        ; juevesCalculadora  ;
; Family name                                                                     ; Cyclone V          ; Cyclone V          ;
; Use smart compilation                                                           ; Off                ; Off                ;
; Enable parallel Assembler and TimeQuest Timing Analyzer during compilation      ; On                 ; On                 ;
; Enable compact report table                                                     ; Off                ; Off                ;
; Restructure Multiplexers                                                        ; Auto               ; Auto               ;
; MLAB Add Timing Constraints For Mixed-Port Feed-Through Mode Setting Don't Care ; Off                ; Off                ;
; Create Debugging Nodes for IP Cores                                             ; Off                ; Off                ;
; Preserve fewer node names                                                       ; On                 ; On                 ;
; Disable OpenCore Plus hardware evaluation                                       ; Off                ; Off                ;
; Verilog Version                                                                 ; Verilog_2001       ; Verilog_2001       ;
; VHDL Version                                                                    ; VHDL_1993          ; VHDL_1993          ;
; State Machine Processing                                                        ; Auto               ; Auto               ;
; Safe State Machine                                                              ; Off                ; Off                ;
; Extract Verilog State Machines                                                  ; On                 ; On                 ;
; Extract VHDL State Machines                                                     ; On                 ; On                 ;
; Ignore Verilog initial constructs                                               ; Off                ; Off                ;
; Iteration limit for constant Verilog loops                                      ; 5000               ; 5000               ;
; Iteration limit for non-constant Verilog loops                                  ; 250                ; 250                ;
; Add Pass-Through Logic to Inferred RAMs                                         ; On                 ; On                 ;
; Infer RAMs from Raw Logic                                                       ; On                 ; On                 ;
; Parallel Synthesis                                                              ; On                 ; On                 ;
; DSP Block Balancing                                                             ; Auto               ; Auto               ;
; NOT Gate Push-Back                                                              ; On                 ; On                 ;
; Power-Up Don't Care                                                             ; On                 ; On                 ;
; Remove Redundant Logic Cells                                                    ; Off                ; Off                ;
; Remove Duplicate Registers                                                      ; On                 ; On                 ;
; Ignore CARRY Buffers                                                            ; Off                ; Off                ;
; Ignore CASCADE Buffers                                                          ; Off                ; Off                ;
; Ignore GLOBAL Buffers                                                           ; Off                ; Off                ;
; Ignore ROW GLOBAL Buffers                                                       ; Off                ; Off                ;
; Ignore LCELL Buffers                                                            ; Off                ; Off                ;
; Ignore SOFT Buffers                                                             ; On                 ; On                 ;
; Limit AHDL Integers to 32 Bits                                                  ; Off                ; Off                ;
; Optimization Technique                                                          ; Balanced           ; Balanced           ;
; Carry Chain Length                                                              ; 70                 ; 70                 ;
; Auto Carry Chains                                                               ; On                 ; On                 ;
; Auto Open-Drain Pins                                                            ; On                 ; On                 ;
; Perform WYSIWYG Primitive Resynthesis                                           ; Off                ; Off                ;
; Auto ROM Replacement                                                            ; On                 ; On                 ;
; Auto RAM Replacement                                                            ; On                 ; On                 ;
; Auto DSP Block Replacement                                                      ; On                 ; On                 ;
; Auto Shift Register Replacement                                                 ; Auto               ; Auto               ;
; Allow Shift Register Merging across Hierarchies                                 ; Auto               ; Auto               ;
; Auto Clock Enable Replacement                                                   ; On                 ; On                 ;
; Strict RAM Replacement                                                          ; Off                ; Off                ;
; Allow Synchronous Control Signals                                               ; On                 ; On                 ;
; Force Use of Synchronous Clear Signals                                          ; Off                ; Off                ;
; Auto Resource Sharing                                                           ; Off                ; Off                ;
; Allow Any RAM Size For Recognition                                              ; Off                ; Off                ;
; Allow Any ROM Size For Recognition                                              ; Off                ; Off                ;
; Allow Any Shift Register Size For Recognition                                   ; Off                ; Off                ;
; Use LogicLock Constraints during Resource Balancing                             ; On                 ; On                 ;
; Ignore translate_off and synthesis_off directives                               ; Off                ; Off                ;
; Timing-Driven Synthesis                                                         ; On                 ; On                 ;
; Report Parameter Settings                                                       ; On                 ; On                 ;
; Report Source Assignments                                                       ; On                 ; On                 ;
; Report Connectivity Checks                                                      ; On                 ; On                 ;
; Ignore Maximum Fan-Out Assignments                                              ; Off                ; Off                ;
; Synchronization Register Chain Length                                           ; 3                  ; 3                  ;
; PowerPlay Power Optimization During Synthesis                                   ; Normal compilation ; Normal compilation ;
; HDL message level                                                               ; Level2             ; Level2             ;
; Suppress Register Optimization Related Messages                                 ; Off                ; Off                ;
; Number of Removed Registers Reported in Synthesis Report                        ; 5000               ; 5000               ;
; Number of Swept Nodes Reported in Synthesis Report                              ; 5000               ; 5000               ;
; Number of Inverted Registers Reported in Synthesis Report                       ; 100                ; 100                ;
; Clock MUX Protection                                                            ; On                 ; On                 ;
; Auto Gated Clock Conversion                                                     ; Off                ; Off                ;
; Block Design Naming                                                             ; Auto               ; Auto               ;
; SDC constraint protection                                                       ; Off                ; Off                ;
; Synthesis Effort                                                                ; Auto               ; Auto               ;
; Shift Register Replacement - Allow Asynchronous Clear Signal                    ; On                 ; On                 ;
; Pre-Mapping Resynthesis Optimization                                            ; Off                ; Off                ;
; Analysis & Synthesis Message Level                                              ; Medium             ; Medium             ;
; Disable Register Merging Across Hierarchies                                     ; Auto               ; Auto               ;
; Resource Aware Inference For Block RAM                                          ; On                 ; On                 ;
; Synthesis Seed                                                                  ; 1                  ; 1                  ;
; Automatic Parallel Synthesis                                                    ; On                 ; On                 ;
; Partial Reconfiguration Bitstream ID                                            ; Off                ; Off                ;
+---------------------------------------------------------------------------------+--------------------+--------------------+


+------------------------------------------+
; Parallel Compilation                     ;
+----------------------------+-------------+
; Processors                 ; Number      ;
+----------------------------+-------------+
; Number detected on machine ; 8           ;
; Maximum allowed            ; 4           ;
;                            ;             ;
; Average used               ; 1.00        ;
; Maximum used               ; 1           ;
;                            ;             ;
; Usage by Processor         ; % Time Used ;
;     Processor 1            ; 100.0%      ;
+----------------------------+-------------+


+-------------------------------------------------------------------------------------------------------------------------------------------------------+
; Analysis & Synthesis Source Files Read                                                                                                                ;
+----------------------------------+-----------------+-----------------+----------------------------------------------------------------------+---------+
; File Name with User-Entered Path ; Used in Netlist ; File Type       ; File Name with Absolute Path                                         ; Library ;
+----------------------------------+-----------------+-----------------+----------------------------------------------------------------------+---------+
; decodificador.vhd                ; yes             ; User VHDL File  ; C:/Users/silve/Documents/Sistemas Digitales/jueves/decodificador.vhd ;         ;
; ALU192CIK.vhd                    ; yes             ; User VHDL File  ; C:/Users/silve/Documents/Sistemas Digitales/jueves/ALU192CIK.vhd     ;         ;
; calculadora.vhd                  ; yes             ; User VHDL File  ; C:/Users/silve/Documents/Sistemas Digitales/jueves/calculadora.vhd   ;         ;
+----------------------------------+-----------------+-----------------+----------------------------------------------------------------------+---------+


+------------------------------------------------------------------+
; Analysis & Synthesis Resource Usage Summary                      ;
+---------------------------------------------+--------------------+
; Resource                                    ; Usage              ;
+---------------------------------------------+--------------------+
; Estimate of Logic utilization (ALMs needed) ; 99                 ;
;                                             ;                    ;
; Combinational ALUT usage for logic          ; 161                ;
;     -- 7 input functions                    ; 7                  ;
;     -- 6 input functions                    ; 30                 ;
;     -- 5 input functions                    ; 14                 ;
;     -- 4 input functions                    ; 45                 ;
;     -- <=3 input functions                  ; 65                 ;
;                                             ;                    ;
; Dedicated logic registers                   ; 0                  ;
;                                             ;                    ;
; I/O pins                                    ; 48                 ;
;                                             ;                    ;
; Total DSP Blocks                            ; 0                  ;
;                                             ;                    ;
; Maximum fan-out node                        ; seleccion[2]~input ;
; Maximum fan-out                             ; 48                 ;
; Total fan-out                               ; 749                ;
; Average fan-out                             ; 2.87               ;
+---------------------------------------------+--------------------+


+----------------------------------------------------------------------------------------------------------------------------------------------------------------------------------------------------------+
; Analysis & Synthesis Resource Utilization by Entity                                                                                                                                                      ;
+------------------------------------+-------------------+--------------+-------------------+------------+------+--------------+--------------------------------------------+---------------+--------------+
; Compilation Hierarchy Node         ; LC Combinationals ; LC Registers ; Block Memory Bits ; DSP Blocks ; Pins ; Virtual Pins ; Full Hierarchy Name                        ; Entity Name   ; Library Name ;
+------------------------------------+-------------------+--------------+-------------------+------------+------+--------------+--------------------------------------------+---------------+--------------+
; |calculadora                       ; 161 (0)           ; 0 (0)        ; 0                 ; 0          ; 48   ; 0            ; |calculadora                               ; calculadora   ; work         ;
;    |ALU192CIK:conexionALU|         ; 133 (133)         ; 0 (0)        ; 0                 ; 0          ; 0    ; 0            ; |calculadora|ALU192CIK:conexionALU         ; ALU192CIK     ; work         ;
;    |decodificador:deco_entrada_a|  ; 7 (7)             ; 0 (0)        ; 0                 ; 0          ; 0    ; 0            ; |calculadora|decodificador:deco_entrada_a  ; decodificador ; work         ;
;    |decodificador:deco_entrada_b|  ; 7 (7)             ; 0 (0)        ; 0                 ; 0          ; 0    ; 0            ; |calculadora|decodificador:deco_entrada_b  ; decodificador ; work         ;
;    |decodificador:deco_salida_alu| ; 7 (7)             ; 0 (0)        ; 0                 ; 0          ; 0    ; 0            ; |calculadora|decodificador:deco_salida_alu ; decodificador ; work         ;
;    |decodificador:deco_seleccion|  ; 7 (7)             ; 0 (0)        ; 0                 ; 0          ; 0    ; 0            ; |calculadora|decodificador:deco_seleccion  ; decodificador ; work         ;
+------------------------------------+-------------------+--------------+-------------------+------------+------+--------------+--------------------------------------------+---------------+--------------+
Note: For table entries with two numbers listed, the numbers in parentheses indicate the number of resources of the given type used by the specific entity alone. The numbers listed outside of parentheses indicate the total resources of the given type used by the specific entity and all of its sub-entities in the hierarchy.


+------------------------------------------------------+
; General Register Statistics                          ;
+----------------------------------------------+-------+
; Statistic                                    ; Value ;
+----------------------------------------------+-------+
; Total registers                              ; 0     ;
; Number of registers using Synchronous Clear  ; 0     ;
; Number of registers using Synchronous Load   ; 0     ;
; Number of registers using Asynchronous Clear ; 0     ;
; Number of registers using Asynchronous Load  ; 0     ;
; Number of registers using Clock Enable       ; 0     ;
; Number of registers using Preset             ; 0     ;
+----------------------------------------------+-------+


+-------------------------------------------------------------------------------------------------------------------------------------------------------+
; Multiplexer Restructuring Statistics (Restructuring Performed)                                                                                        ;
+--------------------+-----------+---------------+----------------------+------------------------+------------+-----------------------------------------+
; Multiplexer Inputs ; Bus Width ; Baseline Area ; Area if Restructured ; Saving if Restructured ; Registered ; Example Multiplexer Output              ;
+--------------------+-----------+---------------+----------------------+------------------------+------------+-----------------------------------------+
; 44:1               ; 3 bits    ; 87 LEs        ; 78 LEs               ; 9 LEs                  ; No         ; |calculadora|ALU192CIK:conexionALU|o[3] ;
+--------------------+-----------+---------------+----------------------+------------------------+------------+-----------------------------------------+


+-----------------------------------------------------+
; Post-Synthesis Netlist Statistics for Top Partition ;
+-----------------------+-----------------------------+
; Type                  ; Count                       ;
+-----------------------+-----------------------------+
; arriav_io_obuf        ; 4                           ;
; arriav_lcell_comb     ; 166                         ;
;     arith             ; 32                          ;
;         2 data inputs ; 24                          ;
;         3 data inputs ; 8                           ;
;     extend            ; 7                           ;
;         7 data inputs ; 7                           ;
;     normal            ; 123                         ;
;         0 data inputs ; 1                           ;
;         1 data inputs ; 4                           ;
;         2 data inputs ; 8                           ;
;         3 data inputs ; 21                          ;
;         4 data inputs ; 45                          ;
;         5 data inputs ; 14                          ;
;         6 data inputs ; 30                          ;
;     shared            ; 4                           ;
;         2 data inputs ; 4                           ;
; boundary_port         ; 48                          ;
;                       ;                             ;
; Max LUT depth         ; 10.30                       ;
; Average LUT depth     ; 7.74                        ;
+-----------------------+-----------------------------+


+-------------------------------+
; Elapsed Time Per Partition    ;
+----------------+--------------+
; Partition Name ; Elapsed Time ;
+----------------+--------------+
; Top            ; 00:00:00     ;
+----------------+--------------+


+-------------------------------+
; Analysis & Synthesis Messages ;
+-------------------------------+
Info: *******************************************************************
Info: Running Quartus Prime Analysis & Synthesis
    Info: Version 16.0.0 Build 211 04/27/2016 SJ Lite Edition
    Info: Processing started: Thu Jun 20 21:34:30 2019
Info: Command: quartus_map --read_settings_files=on --write_settings_files=off juevesCalculadora -c juevesCalculadora
Warning (18236): Number of processors has not been specified which may cause overloading on shared machines.  Set the global assignment NUM_PARALLEL_PROCESSORS in your QSF to an appropriate value for best performance.
Info (20030): Parallel compilation is enabled and will use 4 of the 4 processors detected
Info (12021): Found 2 design units, including 1 entities, in source file decodificador.vhd
    Info (12022): Found design unit 1: decodificador-comportamiento File: C:/Users/silve/Documents/Sistemas Digitales/jueves/decodificador.vhd Line: 12
    Info (12023): Found entity 1: decodificador File: C:/Users/silve/Documents/Sistemas Digitales/jueves/decodificador.vhd Line: 6
Info (12021): Found 2 design units, including 1 entities, in source file alu192cik.vhd
    Info (12022): Found design unit 1: ALU192CIK-funcionamiento File: C:/Users/silve/Documents/Sistemas Digitales/jueves/ALU192CIK.vhd Line: 14
    Info (12023): Found entity 1: ALU192CIK File: C:/Users/silve/Documents/Sistemas Digitales/jueves/ALU192CIK.vhd Line: 6
Info (12021): Found 2 design units, including 1 entities, in source file calculadora.vhd
    Info (12022): Found design unit 1: calculadora-comportamiento File: C:/Users/silve/Documents/Sistemas Digitales/jueves/calculadora.vhd Line: 24
    Info (12023): Found entity 1: calculadora File: C:/Users/silve/Documents/Sistemas Digitales/jueves/calculadora.vhd Line: 6
Info (12127): Elaborating entity "calculadora" for the top level hierarchy
Info (12128): Elaborating entity "ALU192CIK" for hierarchy "ALU192CIK:conexionALU" File: C:/Users/silve/Documents/Sistemas Digitales/jueves/calculadora.vhd Line: 51
Warning (10541): VHDL Signal Declaration warning at ALU192CIK.vhd(11): used implicit default value for signal "co" because signal was never assigned a value or an explicit default value. Use of implicit default value may introduce unintended design optimizations. File: C:/Users/silve/Documents/Sistemas Digitales/jueves/ALU192CIK.vhd Line: 11
Warning (10492): VHDL Process Statement warning at ALU192CIK.vhd(20): signal "m" is read inside the Process Statement but isn't in the Process Statement's sensitivity list File: C:/Users/silve/Documents/Sistemas Digitales/jueves/ALU192CIK.vhd Line: 20
Warning (10492): VHDL Process Statement warning at ALU192CIK.vhd(21): signal "seleccion" is read inside the Process Statement but isn't in the Process Statement's sensitivity list File: C:/Users/silve/Documents/Sistemas Digitales/jueves/ALU192CIK.vhd Line: 21
Warning (10492): VHDL Process Statement warning at ALU192CIK.vhd(22): signal "a" is read inside the Process Statement but isn't in the Process Statement's sensitivity list File: C:/Users/silve/Documents/Sistemas Digitales/jueves/ALU192CIK.vhd Line: 22
Warning (10492): VHDL Process Statement warning at ALU192CIK.vhd(23): signal "a" is read inside the Process Statement but isn't in the Process Statement's sensitivity list File: C:/Users/silve/Documents/Sistemas Digitales/jueves/ALU192CIK.vhd Line: 23
Warning (10492): VHDL Process Statement warning at ALU192CIK.vhd(23): signal "b" is read inside the Process Statement but isn't in the Process Statement's sensitivity list File: C:/Users/silve/Documents/Sistemas Digitales/jueves/ALU192CIK.vhd Line: 23
Warning (10492): VHDL Process Statement warning at ALU192CIK.vhd(24): signal "a" is read inside the Process Statement but isn't in the Process Statement's sensitivity list File: C:/Users/silve/Documents/Sistemas Digitales/jueves/ALU192CIK.vhd Line: 24
Warning (10492): VHDL Process Statement warning at ALU192CIK.vhd(24): signal "b" is read inside the Process Statement but isn't in the Process Statement's sensitivity list File: C:/Users/silve/Documents/Sistemas Digitales/jueves/ALU192CIK.vhd Line: 24
Warning (10492): VHDL Process Statement warning at ALU192CIK.vhd(26): signal "a" is read inside the Process Statement but isn't in the Process Statement's sensitivity list File: C:/Users/silve/Documents/Sistemas Digitales/jueves/ALU192CIK.vhd Line: 26
Warning (10492): VHDL Process Statement warning at ALU192CIK.vhd(26): signal "b" is read inside the Process Statement but isn't in the Process Statement's sensitivity list File: C:/Users/silve/Documents/Sistemas Digitales/jueves/ALU192CIK.vhd Line: 26
Warning (10492): VHDL Process Statement warning at ALU192CIK.vhd(27): signal "b" is read inside the Process Statement but isn't in the Process Statement's sensitivity list File: C:/Users/silve/Documents/Sistemas Digitales/jueves/ALU192CIK.vhd Line: 27
Warning (10492): VHDL Process Statement warning at ALU192CIK.vhd(28): signal "a" is read inside the Process Statement but isn't in the Process Statement's sensitivity list File: C:/Users/silve/Documents/Sistemas Digitales/jueves/ALU192CIK.vhd Line: 28
Warning (10492): VHDL Process Statement warning at ALU192CIK.vhd(28): signal "b" is read inside the Process Statement but isn't in the Process Statement's sensitivity list File: C:/Users/silve/Documents/Sistemas Digitales/jueves/ALU192CIK.vhd Line: 28
Warning (10492): VHDL Process Statement warning at ALU192CIK.vhd(29): signal "a" is read inside the Process Statement but isn't in the Process Statement's sensitivity list File: C:/Users/silve/Documents/Sistemas Digitales/jueves/ALU192CIK.vhd Line: 29
Warning (10492): VHDL Process Statement warning at ALU192CIK.vhd(29): signal "b" is read inside the Process Statement but isn't in the Process Statement's sensitivity list File: C:/Users/silve/Documents/Sistemas Digitales/jueves/ALU192CIK.vhd Line: 29
Warning (10492): VHDL Process Statement warning at ALU192CIK.vhd(30): signal "a" is read inside the Process Statement but isn't in the Process Statement's sensitivity list File: C:/Users/silve/Documents/Sistemas Digitales/jueves/ALU192CIK.vhd Line: 30
Warning (10492): VHDL Process Statement warning at ALU192CIK.vhd(30): signal "b" is read inside the Process Statement but isn't in the Process Statement's sensitivity list File: C:/Users/silve/Documents/Sistemas Digitales/jueves/ALU192CIK.vhd Line: 30
Warning (10492): VHDL Process Statement warning at ALU192CIK.vhd(31): signal "a" is read inside the Process Statement but isn't in the Process Statement's sensitivity list File: C:/Users/silve/Documents/Sistemas Digitales/jueves/ALU192CIK.vhd Line: 31
Warning (10492): VHDL Process Statement warning at ALU192CIK.vhd(31): signal "b" is read inside the Process Statement but isn't in the Process Statement's sensitivity list File: C:/Users/silve/Documents/Sistemas Digitales/jueves/ALU192CIK.vhd Line: 31
Warning (10492): VHDL Process Statement warning at ALU192CIK.vhd(32): signal "b" is read inside the Process Statement but isn't in the Process Statement's sensitivity list File: C:/Users/silve/Documents/Sistemas Digitales/jueves/ALU192CIK.vhd Line: 32
Warning (10492): VHDL Process Statement warning at ALU192CIK.vhd(33): signal "a" is read inside the Process Statement but isn't in the Process Statement's sensitivity list File: C:/Users/silve/Documents/Sistemas Digitales/jueves/ALU192CIK.vhd Line: 33
Warning (10492): VHDL Process Statement warning at ALU192CIK.vhd(33): signal "b" is read inside the Process Statement but isn't in the Process Statement's sensitivity list File: C:/Users/silve/Documents/Sistemas Digitales/jueves/ALU192CIK.vhd Line: 33
Warning (10492): VHDL Process Statement warning at ALU192CIK.vhd(35): signal "a" is read inside the Process Statement but isn't in the Process Statement's sensitivity list File: C:/Users/silve/Documents/Sistemas Digitales/jueves/ALU192CIK.vhd Line: 35
Warning (10492): VHDL Process Statement warning at ALU192CIK.vhd(35): signal "b" is read inside the Process Statement but isn't in the Process Statement's sensitivity list File: C:/Users/silve/Documents/Sistemas Digitales/jueves/ALU192CIK.vhd Line: 35
Warning (10492): VHDL Process Statement warning at ALU192CIK.vhd(36): signal "a" is read inside the Process Statement but isn't in the Process Statement's sensitivity list File: C:/Users/silve/Documents/Sistemas Digitales/jueves/ALU192CIK.vhd Line: 36
Warning (10492): VHDL Process Statement warning at ALU192CIK.vhd(36): signal "b" is read inside the Process Statement but isn't in the Process Statement's sensitivity list File: C:/Users/silve/Documents/Sistemas Digitales/jueves/ALU192CIK.vhd Line: 36
Warning (10492): VHDL Process Statement warning at ALU192CIK.vhd(37): signal "a" is read inside the Process Statement but isn't in the Process Statement's sensitivity list File: C:/Users/silve/Documents/Sistemas Digitales/jueves/ALU192CIK.vhd Line: 37
Warning (10492): VHDL Process Statement warning at ALU192CIK.vhd(43): signal "m" is read inside the Process Statement but isn't in the Process Statement's sensitivity list File: C:/Users/silve/Documents/Sistemas Digitales/jueves/ALU192CIK.vhd Line: 43
Warning (10492): VHDL Process Statement warning at ALU192CIK.vhd(45): signal "ci" is read inside the Process Statement but isn't in the Process Statement's sensitivity list File: C:/Users/silve/Documents/Sistemas Digitales/jueves/ALU192CIK.vhd Line: 45
Warning (10492): VHDL Process Statement warning at ALU192CIK.vhd(46): signal "seleccion" is read inside the Process Statement but isn't in the Process Statement's sensitivity list File: C:/Users/silve/Documents/Sistemas Digitales/jueves/ALU192CIK.vhd Line: 46
Warning (10492): VHDL Process Statement warning at ALU192CIK.vhd(47): signal "a" is read inside the Process Statement but isn't in the Process Statement's sensitivity list File: C:/Users/silve/Documents/Sistemas Digitales/jueves/ALU192CIK.vhd Line: 47
Warning (10492): VHDL Process Statement warning at ALU192CIK.vhd(48): signal "a" is read inside the Process Statement but isn't in the Process Statement's sensitivity list File: C:/Users/silve/Documents/Sistemas Digitales/jueves/ALU192CIK.vhd Line: 48
Warning (10492): VHDL Process Statement warning at ALU192CIK.vhd(48): signal "b" is read inside the Process Statement but isn't in the Process Statement's sensitivity list File: C:/Users/silve/Documents/Sistemas Digitales/jueves/ALU192CIK.vhd Line: 48
Warning (10492): VHDL Process Statement warning at ALU192CIK.vhd(49): signal "a" is read inside the Process Statement but isn't in the Process Statement's sensitivity list File: C:/Users/silve/Documents/Sistemas Digitales/jueves/ALU192CIK.vhd Line: 49
Warning (10492): VHDL Process Statement warning at ALU192CIK.vhd(49): signal "b" is read inside the Process Statement but isn't in the Process Statement's sensitivity list File: C:/Users/silve/Documents/Sistemas Digitales/jueves/ALU192CIK.vhd Line: 49
Warning (10492): VHDL Process Statement warning at ALU192CIK.vhd(51): signal "a" is read inside the Process Statement but isn't in the Process Statement's sensitivity list File: C:/Users/silve/Documents/Sistemas Digitales/jueves/ALU192CIK.vhd Line: 51
Warning (10492): VHDL Process Statement warning at ALU192CIK.vhd(51): signal "b" is read inside the Process Statement but isn't in the Process Statement's sensitivity list File: C:/Users/silve/Documents/Sistemas Digitales/jueves/ALU192CIK.vhd Line: 51
Warning (10492): VHDL Process Statement warning at ALU192CIK.vhd(52): signal "a" is read inside the Process Statement but isn't in the Process Statement's sensitivity list File: C:/Users/silve/Documents/Sistemas Digitales/jueves/ALU192CIK.vhd Line: 52
Warning (10492): VHDL Process Statement warning at ALU192CIK.vhd(52): signal "b" is read inside the Process Statement but isn't in the Process Statement's sensitivity list File: C:/Users/silve/Documents/Sistemas Digitales/jueves/ALU192CIK.vhd Line: 52
Warning (10492): VHDL Process Statement warning at ALU192CIK.vhd(53): signal "a" is read inside the Process Statement but isn't in the Process Statement's sensitivity list File: C:/Users/silve/Documents/Sistemas Digitales/jueves/ALU192CIK.vhd Line: 53
Warning (10492): VHDL Process Statement warning at ALU192CIK.vhd(53): signal "b" is read inside the Process Statement but isn't in the Process Statement's sensitivity list File: C:/Users/silve/Documents/Sistemas Digitales/jueves/ALU192CIK.vhd Line: 53
Warning (10492): VHDL Process Statement warning at ALU192CIK.vhd(54): signal "a" is read inside the Process Statement but isn't in the Process Statement's sensitivity list File: C:/Users/silve/Documents/Sistemas Digitales/jueves/ALU192CIK.vhd Line: 54
Warning (10492): VHDL Process Statement warning at ALU192CIK.vhd(54): signal "b" is read inside the Process Statement but isn't in the Process Statement's sensitivity list File: C:/Users/silve/Documents/Sistemas Digitales/jueves/ALU192CIK.vhd Line: 54
Warning (10492): VHDL Process Statement warning at ALU192CIK.vhd(55): signal "a" is read inside the Process Statement but isn't in the Process Statement's sensitivity list File: C:/Users/silve/Documents/Sistemas Digitales/jueves/ALU192CIK.vhd Line: 55
Warning (10492): VHDL Process Statement warning at ALU192CIK.vhd(55): signal "b" is read inside the Process Statement but isn't in the Process Statement's sensitivity list File: C:/Users/silve/Documents/Sistemas Digitales/jueves/ALU192CIK.vhd Line: 55
Warning (10492): VHDL Process Statement warning at ALU192CIK.vhd(56): signal "a" is read inside the Process Statement but isn't in the Process Statement's sensitivity list File: C:/Users/silve/Documents/Sistemas Digitales/jueves/ALU192CIK.vhd Line: 56
Warning (10492): VHDL Process Statement warning at ALU192CIK.vhd(56): signal "b" is read inside the Process Statement but isn't in the Process Statement's sensitivity list File: C:/Users/silve/Documents/Sistemas Digitales/jueves/ALU192CIK.vhd Line: 56
Warning (10492): VHDL Process Statement warning at ALU192CIK.vhd(57): signal "a" is read inside the Process Statement but isn't in the Process Statement's sensitivity list File: C:/Users/silve/Documents/Sistemas Digitales/jueves/ALU192CIK.vhd Line: 57
Warning (10492): VHDL Process Statement warning at ALU192CIK.vhd(57): signal "b" is read inside the Process Statement but isn't in the Process Statement's sensitivity list File: C:/Users/silve/Documents/Sistemas Digitales/jueves/ALU192CIK.vhd Line: 57
Warning (10492): VHDL Process Statement warning at ALU192CIK.vhd(58): signal "a" is read inside the Process Statement but isn't in the Process Statement's sensitivity list File: C:/Users/silve/Documents/Sistemas Digitales/jueves/ALU192CIK.vhd Line: 58
Warning (10492): VHDL Process Statement warning at ALU192CIK.vhd(58): signal "b" is read inside the Process Statement but isn't in the Process Statement's sensitivity list File: C:/Users/silve/Documents/Sistemas Digitales/jueves/ALU192CIK.vhd Line: 58
Warning (10492): VHDL Process Statement warning at ALU192CIK.vhd(59): signal "a" is read inside the Process Statement but isn't in the Process Statement's sensitivity list File: C:/Users/silve/Documents/Sistemas Digitales/jueves/ALU192CIK.vhd Line: 59
Warning (10492): VHDL Process Statement warning at ALU192CIK.vhd(60): signal "a" is read inside the Process Statement but isn't in the Process Statement's sensitivity list File: C:/Users/silve/Documents/Sistemas Digitales/jueves/ALU192CIK.vhd Line: 60
Warning (10492): VHDL Process Statement warning at ALU192CIK.vhd(60): signal "b" is read inside the Process Statement but isn't in the Process Statement's sensitivity list File: C:/Users/silve/Documents/Sistemas Digitales/jueves/ALU192CIK.vhd Line: 60
Warning (10492): VHDL Process Statement warning at ALU192CIK.vhd(61): signal "a" is read inside the Process Statement but isn't in the Process Statement's sensitivity list File: C:/Users/silve/Documents/Sistemas Digitales/jueves/ALU192CIK.vhd Line: 61
Warning (10492): VHDL Process Statement warning at ALU192CIK.vhd(61): signal "b" is read inside the Process Statement but isn't in the Process Statement's sensitivity list File: C:/Users/silve/Documents/Sistemas Digitales/jueves/ALU192CIK.vhd Line: 61
Warning (10492): VHDL Process Statement warning at ALU192CIK.vhd(62): signal "a" is read inside the Process Statement but isn't in the Process Statement's sensitivity list File: C:/Users/silve/Documents/Sistemas Digitales/jueves/ALU192CIK.vhd Line: 62
Warning (10492): VHDL Process Statement warning at ALU192CIK.vhd(66): signal "ci" is read inside the Process Statement but isn't in the Process Statement's sensitivity list File: C:/Users/silve/Documents/Sistemas Digitales/jueves/ALU192CIK.vhd Line: 66
Warning (10492): VHDL Process Statement warning at ALU192CIK.vhd(67): signal "seleccion" is read inside the Process Statement but isn't in the Process Statement's sensitivity list File: C:/Users/silve/Documents/Sistemas Digitales/jueves/ALU192CIK.vhd Line: 67
Warning (10492): VHDL Process Statement warning at ALU192CIK.vhd(68): signal "a" is read inside the Process Statement but isn't in the Process Statement's sensitivity list File: C:/Users/silve/Documents/Sistemas Digitales/jueves/ALU192CIK.vhd Line: 68
Warning (10492): VHDL Process Statement warning at ALU192CIK.vhd(69): signal "a" is read inside the Process Statement but isn't in the Process Statement's sensitivity list File: C:/Users/silve/Documents/Sistemas Digitales/jueves/ALU192CIK.vhd Line: 69
Warning (10492): VHDL Process Statement warning at ALU192CIK.vhd(69): signal "b" is read inside the Process Statement but isn't in the Process Statement's sensitivity list File: C:/Users/silve/Documents/Sistemas Digitales/jueves/ALU192CIK.vhd Line: 69
Warning (10492): VHDL Process Statement warning at ALU192CIK.vhd(70): signal "a" is read inside the Process Statement but isn't in the Process Statement's sensitivity list File: C:/Users/silve/Documents/Sistemas Digitales/jueves/ALU192CIK.vhd Line: 70
Warning (10492): VHDL Process Statement warning at ALU192CIK.vhd(70): signal "b" is read inside the Process Statement but isn't in the Process Statement's sensitivity list File: C:/Users/silve/Documents/Sistemas Digitales/jueves/ALU192CIK.vhd Line: 70
Warning (10492): VHDL Process Statement warning at ALU192CIK.vhd(72): signal "a" is read inside the Process Statement but isn't in the Process Statement's sensitivity list File: C:/Users/silve/Documents/Sistemas Digitales/jueves/ALU192CIK.vhd Line: 72
Warning (10492): VHDL Process Statement warning at ALU192CIK.vhd(72): signal "b" is read inside the Process Statement but isn't in the Process Statement's sensitivity list File: C:/Users/silve/Documents/Sistemas Digitales/jueves/ALU192CIK.vhd Line: 72
Warning (10492): VHDL Process Statement warning at ALU192CIK.vhd(73): signal "a" is read inside the Process Statement but isn't in the Process Statement's sensitivity list File: C:/Users/silve/Documents/Sistemas Digitales/jueves/ALU192CIK.vhd Line: 73
Warning (10492): VHDL Process Statement warning at ALU192CIK.vhd(73): signal "b" is read inside the Process Statement but isn't in the Process Statement's sensitivity list File: C:/Users/silve/Documents/Sistemas Digitales/jueves/ALU192CIK.vhd Line: 73
Warning (10492): VHDL Process Statement warning at ALU192CIK.vhd(74): signal "a" is read inside the Process Statement but isn't in the Process Statement's sensitivity list File: C:/Users/silve/Documents/Sistemas Digitales/jueves/ALU192CIK.vhd Line: 74
Warning (10492): VHDL Process Statement warning at ALU192CIK.vhd(74): signal "b" is read inside the Process Statement but isn't in the Process Statement's sensitivity list File: C:/Users/silve/Documents/Sistemas Digitales/jueves/ALU192CIK.vhd Line: 74
Warning (10492): VHDL Process Statement warning at ALU192CIK.vhd(75): signal "a" is read inside the Process Statement but isn't in the Process Statement's sensitivity list File: C:/Users/silve/Documents/Sistemas Digitales/jueves/ALU192CIK.vhd Line: 75
Warning (10492): VHDL Process Statement warning at ALU192CIK.vhd(75): signal "b" is read inside the Process Statement but isn't in the Process Statement's sensitivity list File: C:/Users/silve/Documents/Sistemas Digitales/jueves/ALU192CIK.vhd Line: 75
Warning (10492): VHDL Process Statement warning at ALU192CIK.vhd(76): signal "a" is read inside the Process Statement but isn't in the Process Statement's sensitivity list File: C:/Users/silve/Documents/Sistemas Digitales/jueves/ALU192CIK.vhd Line: 76
Warning (10492): VHDL Process Statement warning at ALU192CIK.vhd(76): signal "b" is read inside the Process Statement but isn't in the Process Statement's sensitivity list File: C:/Users/silve/Documents/Sistemas Digitales/jueves/ALU192CIK.vhd Line: 76
Warning (10492): VHDL Process Statement warning at ALU192CIK.vhd(77): signal "a" is read inside the Process Statement but isn't in the Process Statement's sensitivity list File: C:/Users/silve/Documents/Sistemas Digitales/jueves/ALU192CIK.vhd Line: 77
Warning (10492): VHDL Process Statement warning at ALU192CIK.vhd(77): signal "b" is read inside the Process Statement but isn't in the Process Statement's sensitivity list File: C:/Users/silve/Documents/Sistemas Digitales/jueves/ALU192CIK.vhd Line: 77
Warning (10492): VHDL Process Statement warning at ALU192CIK.vhd(78): signal "a" is read inside the Process Statement but isn't in the Process Statement's sensitivity list File: C:/Users/silve/Documents/Sistemas Digitales/jueves/ALU192CIK.vhd Line: 78
Warning (10492): VHDL Process Statement warning at ALU192CIK.vhd(78): signal "b" is read inside the Process Statement but isn't in the Process Statement's sensitivity list File: C:/Users/silve/Documents/Sistemas Digitales/jueves/ALU192CIK.vhd Line: 78
Warning (10492): VHDL Process Statement warning at ALU192CIK.vhd(79): signal "a" is read inside the Process Statement but isn't in the Process Statement's sensitivity list File: C:/Users/silve/Documents/Sistemas Digitales/jueves/ALU192CIK.vhd Line: 79
Warning (10492): VHDL Process Statement warning at ALU192CIK.vhd(79): signal "b" is read inside the Process Statement but isn't in the Process Statement's sensitivity list File: C:/Users/silve/Documents/Sistemas Digitales/jueves/ALU192CIK.vhd Line: 79
Warning (10492): VHDL Process Statement warning at ALU192CIK.vhd(80): signal "a" is read inside the Process Statement but isn't in the Process Statement's sensitivity list File: C:/Users/silve/Documents/Sistemas Digitales/jueves/ALU192CIK.vhd Line: 80
Warning (10492): VHDL Process Statement warning at ALU192CIK.vhd(81): signal "a" is read inside the Process Statement but isn't in the Process Statement's sensitivity list File: C:/Users/silve/Documents/Sistemas Digitales/jueves/ALU192CIK.vhd Line: 81
Warning (10492): VHDL Process Statement warning at ALU192CIK.vhd(81): signal "b" is read inside the Process Statement but isn't in the Process Statement's sensitivity list File: C:/Users/silve/Documents/Sistemas Digitales/jueves/ALU192CIK.vhd Line: 81
Warning (10492): VHDL Process Statement warning at ALU192CIK.vhd(82): signal "a" is read inside the Process Statement but isn't in the Process Statement's sensitivity list File: C:/Users/silve/Documents/Sistemas Digitales/jueves/ALU192CIK.vhd Line: 82
Warning (10492): VHDL Process Statement warning at ALU192CIK.vhd(82): signal "b" is read inside the Process Statement but isn't in the Process Statement's sensitivity list File: C:/Users/silve/Documents/Sistemas Digitales/jueves/ALU192CIK.vhd Line: 82
Warning (10492): VHDL Process Statement warning at ALU192CIK.vhd(83): signal "a" is read inside the Process Statement but isn't in the Process Statement's sensitivity list File: C:/Users/silve/Documents/Sistemas Digitales/jueves/ALU192CIK.vhd Line: 83
Warning (10631): VHDL Process Statement warning at ALU192CIK.vhd(17): inferring latch(es) for signal or variable "o", which holds its previous value in one or more paths through the process File: C:/Users/silve/Documents/Sistemas Digitales/jueves/ALU192CIK.vhd Line: 17
Info (12128): Elaborating entity "decodificador" for hierarchy "decodificador:deco_entrada_a" File: C:/Users/silve/Documents/Sistemas Digitales/jueves/calculadora.vhd Line: 52
Warning (10540): VHDL Signal Declaration warning at decodificador.vhd(36): used explicit default value for signal "a" because signal was never assigned a value File: C:/Users/silve/Documents/Sistemas Digitales/jueves/decodificador.vhd Line: 36
Warning (10540): VHDL Signal Declaration warning at decodificador.vhd(37): used explicit default value for signal "b" because signal was never assigned a value File: C:/Users/silve/Documents/Sistemas Digitales/jueves/decodificador.vhd Line: 37
Warning (10540): VHDL Signal Declaration warning at decodificador.vhd(38): used explicit default value for signal "c" because signal was never assigned a value File: C:/Users/silve/Documents/Sistemas Digitales/jueves/decodificador.vhd Line: 38
Warning (10540): VHDL Signal Declaration warning at decodificador.vhd(39): used explicit default value for signal "d" because signal was never assigned a value File: C:/Users/silve/Documents/Sistemas Digitales/jueves/decodificador.vhd Line: 39
Warning (10540): VHDL Signal Declaration warning at decodificador.vhd(40): used explicit default value for signal "e" because signal was never assigned a value File: C:/Users/silve/Documents/Sistemas Digitales/jueves/decodificador.vhd Line: 40
Warning (10540): VHDL Signal Declaration warning at decodificador.vhd(41): used explicit default value for signal "f" because signal was never assigned a value File: C:/Users/silve/Documents/Sistemas Digitales/jueves/decodificador.vhd Line: 41
Warning (10540): VHDL Signal Declaration warning at decodificador.vhd(42): used explicit default value for signal "n0" because signal was never assigned a value File: C:/Users/silve/Documents/Sistemas Digitales/jueves/decodificador.vhd Line: 42
Warning (10540): VHDL Signal Declaration warning at decodificador.vhd(43): used explicit default value for signal "n1" because signal was never assigned a value File: C:/Users/silve/Documents/Sistemas Digitales/jueves/decodificador.vhd Line: 43
Warning (10540): VHDL Signal Declaration warning at decodificador.vhd(44): used explicit default value for signal "n2" because signal was never assigned a value File: C:/Users/silve/Documents/Sistemas Digitales/jueves/decodificador.vhd Line: 44
Warning (10540): VHDL Signal Declaration warning at decodificador.vhd(45): used explicit default value for signal "n3" because signal was never assigned a value File: C:/Users/silve/Documents/Sistemas Digitales/jueves/decodificador.vhd Line: 45
Warning (10540): VHDL Signal Declaration warning at decodificador.vhd(46): used explicit default value for signal "n4" because signal was never assigned a value File: C:/Users/silve/Documents/Sistemas Digitales/jueves/decodificador.vhd Line: 46
Warning (10540): VHDL Signal Declaration warning at decodificador.vhd(47): used explicit default value for signal "n5" because signal was never assigned a value File: C:/Users/silve/Documents/Sistemas Digitales/jueves/decodificador.vhd Line: 47
Warning (10540): VHDL Signal Declaration warning at decodificador.vhd(48): used explicit default value for signal "n6" because signal was never assigned a value File: C:/Users/silve/Documents/Sistemas Digitales/jueves/decodificador.vhd Line: 48
Warning (10540): VHDL Signal Declaration warning at decodificador.vhd(49): used explicit default value for signal "n7" because signal was never assigned a value File: C:/Users/silve/Documents/Sistemas Digitales/jueves/decodificador.vhd Line: 49
Warning (10540): VHDL Signal Declaration warning at decodificador.vhd(50): used explicit default value for signal "n8" because signal was never assigned a value File: C:/Users/silve/Documents/Sistemas Digitales/jueves/decodificador.vhd Line: 50
Warning (10540): VHDL Signal Declaration warning at decodificador.vhd(51): used explicit default value for signal "n9" because signal was never assigned a value File: C:/Users/silve/Documents/Sistemas Digitales/jueves/decodificador.vhd Line: 51
Warning (10492): VHDL Process Statement warning at decodificador.vhd(56): signal "entrada" is read inside the Process Statement but isn't in the Process Statement's sensitivity list File: C:/Users/silve/Documents/Sistemas Digitales/jueves/decodificador.vhd Line: 56
Warning (10492): VHDL Process Statement warning at decodificador.vhd(57): signal "n0" is read inside the Process Statement but isn't in the Process Statement's sensitivity list File: C:/Users/silve/Documents/Sistemas Digitales/jueves/decodificador.vhd Line: 57
Warning (10492): VHDL Process Statement warning at decodificador.vhd(58): signal "n1" is read inside the Process Statement but isn't in the Process Statement's sensitivity list File: C:/Users/silve/Documents/Sistemas Digitales/jueves/decodificador.vhd Line: 58
Warning (10492): VHDL Process Statement warning at decodificador.vhd(59): signal "n2" is read inside the Process Statement but isn't in the Process Statement's sensitivity list File: C:/Users/silve/Documents/Sistemas Digitales/jueves/decodificador.vhd Line: 59
Warning (10492): VHDL Process Statement warning at decodificador.vhd(60): signal "n3" is read inside the Process Statement but isn't in the Process Statement's sensitivity list File: C:/Users/silve/Documents/Sistemas Digitales/jueves/decodificador.vhd Line: 60
Warning (10492): VHDL Process Statement warning at decodificador.vhd(61): signal "n4" is read inside the Process Statement but isn't in the Process Statement's sensitivity list File: C:/Users/silve/Documents/Sistemas Digitales/jueves/decodificador.vhd Line: 61
Warning (10492): VHDL Process Statement warning at decodificador.vhd(62): signal "n5" is read inside the Process Statement but isn't in the Process Statement's sensitivity list File: C:/Users/silve/Documents/Sistemas Digitales/jueves/decodificador.vhd Line: 62
Warning (10492): VHDL Process Statement warning at decodificador.vhd(63): signal "n6" is read inside the Process Statement but isn't in the Process Statement's sensitivity list File: C:/Users/silve/Documents/Sistemas Digitales/jueves/decodificador.vhd Line: 63
Warning (10492): VHDL Process Statement warning at decodificador.vhd(64): signal "n7" is read inside the Process Statement but isn't in the Process Statement's sensitivity list File: C:/Users/silve/Documents/Sistemas Digitales/jueves/decodificador.vhd Line: 64
Warning (10492): VHDL Process Statement warning at decodificador.vhd(65): signal "n8" is read inside the Process Statement but isn't in the Process Statement's sensitivity list File: C:/Users/silve/Documents/Sistemas Digitales/jueves/decodificador.vhd Line: 65
Warning (10492): VHDL Process Statement warning at decodificador.vhd(66): signal "n9" is read inside the Process Statement but isn't in the Process Statement's sensitivity list File: C:/Users/silve/Documents/Sistemas Digitales/jueves/decodificador.vhd Line: 66
Warning (10492): VHDL Process Statement warning at decodificador.vhd(67): signal "a" is read inside the Process Statement but isn't in the Process Statement's sensitivity list File: C:/Users/silve/Documents/Sistemas Digitales/jueves/decodificador.vhd Line: 67
Warning (10492): VHDL Process Statement warning at decodificador.vhd(68): signal "b" is read inside the Process Statement but isn't in the Process Statement's sensitivity list File: C:/Users/silve/Documents/Sistemas Digitales/jueves/decodificador.vhd Line: 68
Warning (10492): VHDL Process Statement warning at decodificador.vhd(69): signal "c" is read inside the Process Statement but isn't in the Process Statement's sensitivity list File: C:/Users/silve/Documents/Sistemas Digitales/jueves/decodificador.vhd Line: 69
Warning (10492): VHDL Process Statement warning at decodificador.vhd(70): signal "d" is read inside the Process Statement but isn't in the Process Statement's sensitivity list File: C:/Users/silve/Documents/Sistemas Digitales/jueves/decodificador.vhd Line: 70
Warning (10492): VHDL Process Statement warning at decodificador.vhd(71): signal "e" is read inside the Process Statement but isn't in the Process Statement's sensitivity list File: C:/Users/silve/Documents/Sistemas Digitales/jueves/decodificador.vhd Line: 71
Warning (10492): VHDL Process Statement warning at decodificador.vhd(72): signal "f" is read inside the Process Statement but isn't in the Process Statement's sensitivity list File: C:/Users/silve/Documents/Sistemas Digitales/jueves/decodificador.vhd Line: 72
Warning (13034): The following nodes have both tri-state and non-tri-state drivers
    Warning (13035): Inserted always-enabled tri-state buffer between "o[0]" and its non-tri-state driver. File: C:/Users/silve/Documents/Sistemas Digitales/jueves/calculadora.vhd Line: 19
    Warning (13035): Inserted always-enabled tri-state buffer between "o[1]" and its non-tri-state driver. File: C:/Users/silve/Documents/Sistemas Digitales/jueves/calculadora.vhd Line: 19
    Warning (13035): Inserted always-enabled tri-state buffer between "o[2]" and its non-tri-state driver. File: C:/Users/silve/Documents/Sistemas Digitales/jueves/calculadora.vhd Line: 19
    Warning (13035): Inserted always-enabled tri-state buffer between "o[3]" and its non-tri-state driver. File: C:/Users/silve/Documents/Sistemas Digitales/jueves/calculadora.vhd Line: 19
Info (13060): One or more bidirectional pins are fed by always enabled tri-state buffers
    Info (13061): Fan-out of permanently enabled tri-state buffer feeding bidirectional pin "o[0]" is moved to its source File: C:/Users/silve/Documents/Sistemas Digitales/jueves/calculadora.vhd Line: 19
    Info (13061): Fan-out of permanently enabled tri-state buffer feeding bidirectional pin "o[1]" is moved to its source File: C:/Users/silve/Documents/Sistemas Digitales/jueves/calculadora.vhd Line: 19
    Info (13061): Fan-out of permanently enabled tri-state buffer feeding bidirectional pin "o[2]" is moved to its source File: C:/Users/silve/Documents/Sistemas Digitales/jueves/calculadora.vhd Line: 19
    Info (13061): Fan-out of permanently enabled tri-state buffer feeding bidirectional pin "o[3]" is moved to its source File: C:/Users/silve/Documents/Sistemas Digitales/jueves/calculadora.vhd Line: 19
Warning (13009): TRI or OPNDRN buffers permanently enabled
    Warning (13010): Node "o[0]~synth" File: C:/Users/silve/Documents/Sistemas Digitales/jueves/calculadora.vhd Line: 19
    Warning (13010): Node "o[1]~synth" File: C:/Users/silve/Documents/Sistemas Digitales/jueves/calculadora.vhd Line: 19
    Warning (13010): Node "o[2]~synth" File: C:/Users/silve/Documents/Sistemas Digitales/jueves/calculadora.vhd Line: 19
    Warning (13010): Node "o[3]~synth" File: C:/Users/silve/Documents/Sistemas Digitales/jueves/calculadora.vhd Line: 19
Warning (13024): Output pins are stuck at VCC or GND
    Warning (13410): Pin "co" is stuck at GND File: C:/Users/silve/Documents/Sistemas Digitales/jueves/calculadora.vhd Line: 18
Info (286030): Timing-Driven Synthesis is running
Info (16010): Generating hard_block partition "hard_block:auto_generated_inst"
    Info (16011): Adding 0 node(s), including 0 DDIO, 0 PLL, 0 transceiver and 0 LCELL
Warning (21074): Design contains 1 input pin(s) that do not drive logic
    Warning (15610): No output dependent on input pin "clk" File: C:/Users/silve/Documents/Sistemas Digitales/jueves/calculadora.vhd Line: 13
Info (21057): Implemented 209 device resources after synthesis - the final resource count might be different
    Info (21058): Implemented 15 input pins
    Info (21059): Implemented 29 output pins
    Info (21060): Implemented 4 bidirectional pins
    Info (21061): Implemented 161 logic cells
Info: Quartus Prime Analysis & Synthesis was successful. 0 errors, 135 warnings
    Info: Peak virtual memory: 5085 megabytes
    Info: Processing ended: Thu Jun 20 21:34:42 2019
    Info: Elapsed time: 00:00:12
    Info: Total CPU time (on all processors): 00:00:24


